<?xml version="1.0" encoding="UTF-8"?>
<!-- Generated by org.testng.reporters.JUnitReportReporter -->
<testsuite hostname="DESKTOP-RHHH8GP" failures="0" tests="3" name="org.fitPeo.Demo" time="26.876" errors="0" timestamp="2024-08-05T01:48:53 IST" skipped="0">
  <testcase classname="org.fitPeo.Demo" name="updatingTheTextField" time="8.163"/>
  <system-out/>
  <testcase classname="org.fitPeo.Demo" name="validating_Text_value_and_slider_value" time="11.428"/>
  <system-out/>
  <testcase classname="org.fitPeo.Demo" name="validate_Total_Recurring_Reimbursement" time="7.285"/>
  <system-out/>
</testsuite> <!-- org.fitPeo.Demo -->
