<?xml version="1.0" encoding="UTF-8"?>
<!-- Generated by org.testng.reporters.JUnitReportReporter -->
<testsuite hostname="DESKTOP-RHHH8GP" failures="0" tests="3" name="org.fitPeo.TestCase" time="22.859" errors="0" timestamp="2024-08-05T02:09:46 IST" skipped="0">
  <testcase classname="org.fitPeo.TestCase" name="updatingTheTextField" time="6.643"/>
  <system-out/>
  <testcase classname="org.fitPeo.TestCase" name="validating_Text_value_and_slider_value" time="5.782"/>
  <system-out/>
  <testcase classname="org.fitPeo.TestCase" name="validate_Total_Recurring_Reimbursement" time="10.434"/>
  <system-out/>
</testsuite> <!-- org.fitPeo.TestCase -->
